Removed Pin From Net: NetName=GND Pin=LED1-1
Removed Pin From Net: NetName=GND Pin=LED2-1
Removed Pin From Net: NetName=GND Pin=LED3-1
Removed Pin From Net: NetName=GND Pin=LED4-1
Removed Pin From Net: NetName=GND Pin=LED5-1
Removed Pin From Net: NetName=GND Pin=LED6-1
Removed Pin From Net: NetName=GND Pin=LED7-1
Removed Pin From Net: NetName=GND Pin=LED8-1
Removed Pin From Net: NetName=V1 Pin=RLED1-1
Removed Pin From Net: NetName=V2 Pin=RLED2-1
Removed Pin From Net: NetName=V3 Pin=RLED3-1
Removed Pin From Net: NetName=V4 Pin=RLED4-1
Removed Pin From Net: NetName=V5 Pin=RLED5-1
Removed Pin From Net: NetName=V6 Pin=RLED6-1
Removed Pin From Net: NetName=V7 Pin=RLED7-1
Removed Pin From Net: NetName=V8 Pin=RLED8-1
Removed Member From Class: ClassName=CargadorDeBaterias Member=LED1
Removed Member From Class: ClassName=CargadorDeBaterias Member=LED2
Removed Member From Class: ClassName=CargadorDeBaterias Member=LED3
Removed Member From Class: ClassName=CargadorDeBaterias Member=LED4
Removed Member From Class: ClassName=CargadorDeBaterias Member=LED5
Removed Member From Class: ClassName=CargadorDeBaterias Member=LED6
Removed Member From Class: ClassName=CargadorDeBaterias Member=LED7
Removed Member From Class: ClassName=CargadorDeBaterias Member=LED8
Removed Member From Class: ClassName=CargadorDeBaterias Member=RLED1
Removed Member From Class: ClassName=CargadorDeBaterias Member=RLED2
Removed Member From Class: ClassName=CargadorDeBaterias Member=RLED3
Removed Member From Class: ClassName=CargadorDeBaterias Member=RLED4
Removed Member From Class: ClassName=CargadorDeBaterias Member=RLED5
Removed Member From Class: ClassName=CargadorDeBaterias Member=RLED6
Removed Member From Class: ClassName=CargadorDeBaterias Member=RLED7
Removed Member From Class: ClassName=CargadorDeBaterias Member=RLED8
Change Component DesignItemId : Designator=P1 Old DesignItemId= New DesignItemId=HEADER X2
Change Component DesignItemId : Designator=P2 Old DesignItemId= New DesignItemId=HEADER X2
Change Component DesignItemId : Designator=P3 Old DesignItemId= New DesignItemId=HEADER X2
Change Component DesignItemId : Designator=P4 Old DesignItemId= New DesignItemId=HEADER X2
Change Component DesignItemId : Designator=P5 Old DesignItemId= New DesignItemId=HEADER X2
Change Component DesignItemId : Designator=P6 Old DesignItemId= New DesignItemId=HEADER X2
Change Component DesignItemId : Designator=P7 Old DesignItemId= New DesignItemId=HEADER X2
Change Component DesignItemId : Designator=P8 Old DesignItemId= New DesignItemId=HEADER X2
