Added Component: Designator=INTERRUPTOR(Slide Switch)
Add component (AddParameter): Name = "LatestRevisionDate"; Value = "17-Jul-2002"; VariantName = "[No Variations]"
Add component (AddParameter): Name = "LatestRevisionNote"; Value = "Re-released for DXP Platform."; VariantName = "[No Variations]"
Add component (AddParameter): Name = "Publisher"; Value = "Altium Limited"; VariantName = "[No Variations]"
Added Component: Designator=SELECTOR(Slide Switch)
Add component (AddParameter): Name = "LatestRevisionDate"; Value = "17-Jul-2002"; VariantName = "[No Variations]"
Add component (AddParameter): Name = "LatestRevisionNote"; Value = "Re-released for DXP Platform."; VariantName = "[No Variations]"
Add component (AddParameter): Name = "Publisher"; Value = "Altium Limited"; VariantName = "[No Variations]"
Added Component: Designator=SW1(Slide Switch)
Add component (AddParameter): Name = "LatestRevisionDate"; Value = "17-Jul-2002"; VariantName = "[No Variations]"
Add component (AddParameter): Name = "LatestRevisionNote"; Value = "Re-released for DXP Platform."; VariantName = "[No Variations]"
Add component (AddParameter): Name = "Publisher"; Value = "Altium Limited"; VariantName = "[No Variations]"
Added Component: Designator=SW2(Slide Switch)
Add component (AddParameter): Name = "LatestRevisionDate"; Value = "17-Jul-2002"; VariantName = "[No Variations]"
Add component (AddParameter): Name = "LatestRevisionNote"; Value = "Re-released for DXP Platform."; VariantName = "[No Variations]"
Add component (AddParameter): Name = "Publisher"; Value = "Altium Limited"; VariantName = "[No Variations]"
Added Component: Designator=SW3(Slide Switch)
Add component (AddParameter): Name = "LatestRevisionDate"; Value = "17-Jul-2002"; VariantName = "[No Variations]"
Add component (AddParameter): Name = "LatestRevisionNote"; Value = "Re-released for DXP Platform."; VariantName = "[No Variations]"
Add component (AddParameter): Name = "Publisher"; Value = "Altium Limited"; VariantName = "[No Variations]"
Added Component: Designator=SW4(Slide Switch)
Add component (AddParameter): Name = "LatestRevisionDate"; Value = "17-Jul-2002"; VariantName = "[No Variations]"
Add component (AddParameter): Name = "LatestRevisionNote"; Value = "Re-released for DXP Platform."; VariantName = "[No Variations]"
Add component (AddParameter): Name = "Publisher"; Value = "Altium Limited"; VariantName = "[No Variations]"
Added Component: Designator=SW5(Slide Switch)
Add component (AddParameter): Name = "LatestRevisionDate"; Value = "17-Jul-2002"; VariantName = "[No Variations]"
Add component (AddParameter): Name = "LatestRevisionNote"; Value = "Re-released for DXP Platform."; VariantName = "[No Variations]"
Add component (AddParameter): Name = "Publisher"; Value = "Altium Limited"; VariantName = "[No Variations]"
Added Component: Designator=SW6(Slide Switch)
Add component (AddParameter): Name = "LatestRevisionDate"; Value = "17-Jul-2002"; VariantName = "[No Variations]"
Add component (AddParameter): Name = "LatestRevisionNote"; Value = "Re-released for DXP Platform."; VariantName = "[No Variations]"
Add component (AddParameter): Name = "Publisher"; Value = "Altium Limited"; VariantName = "[No Variations]"
Added Component: Designator=SW7(Slide Switch)
Add component (AddParameter): Name = "LatestRevisionDate"; Value = "17-Jul-2002"; VariantName = "[No Variations]"
Add component (AddParameter): Name = "LatestRevisionNote"; Value = "Re-released for DXP Platform."; VariantName = "[No Variations]"
Add component (AddParameter): Name = "Publisher"; Value = "Altium Limited"; VariantName = "[No Variations]"
Added Component: Designator=SW8(Slide Switch)
Add component (AddParameter): Name = "LatestRevisionDate"; Value = "17-Jul-2002"; VariantName = "[No Variations]"
Add component (AddParameter): Name = "LatestRevisionNote"; Value = "Re-released for DXP Platform."; VariantName = "[No Variations]"
Add component (AddParameter): Name = "Publisher"; Value = "Altium Limited"; VariantName = "[No Variations]"
Added Pin To Net: NetName=NetINTERRUPTOR_1 Pin=INTERRUPTOR-1
Added Pin To Net: NetName=Net_1 Pin=INTERRUPTOR-2
Added Pin To Net: NetName=VJACK Pin=SELECTOR-1
Added Pin To Net: NetName=NetINTERRUPTOR_1 Pin=SELECTOR-2
Added Pin To Net: NetName=VUSB Pin=SELECTOR-3
Added Pin To Net: NetName=GND Pin=SW1-1
Added Pin To Net: NetName=V1 Pin=SW1-2
Added Pin To Net: NetName=VCC Pin=SW1-3
Added Pin To Net: NetName=V2 Pin=SW2-2
Added Pin To Net: NetName=VCC Pin=SW2-3
Added Pin To Net: NetName=GND Pin=SW3-1
Added Pin To Net: NetName=V3 Pin=SW3-2
Added Pin To Net: NetName=VCC Pin=SW3-3
Added Pin To Net: NetName=V4 Pin=SW4-2
Added Pin To Net: NetName=VCC Pin=SW4-3
Added Pin To Net: NetName=GND Pin=SW5-1
Added Pin To Net: NetName=V5 Pin=SW5-2
Added Pin To Net: NetName=VCC Pin=SW5-3
Added Pin To Net: NetName=GND Pin=SW6-1
Added Pin To Net: NetName=V6 Pin=SW6-2
Added Pin To Net: NetName=VCC Pin=SW6-3
Added Pin To Net: NetName=GND Pin=SW7-1
Added Pin To Net: NetName=V7 Pin=SW7-2
Added Pin To Net: NetName=VCC Pin=SW7-3
Added Pin To Net: NetName=GND Pin=SW8-1
Added Pin To Net: NetName=V8 Pin=SW8-2
Added Pin To Net: NetName=VCC Pin=SW8-3
Added Member To Class: ClassName=CargadorDeBaterias Member=Component INTERRUPTOR SLIDE SWITCH
Added Member To Class: ClassName=CargadorDeBaterias Member=Component SELECTOR
Added Member To Class: ClassName=CargadorDeBaterias Member=Component SW1
Added Member To Class: ClassName=CargadorDeBaterias Member=Component SW2
Added Member To Class: ClassName=CargadorDeBaterias Member=Component SW3
Added Member To Class: ClassName=CargadorDeBaterias Member=Component SW4
Added Member To Class: ClassName=CargadorDeBaterias Member=Component SW5
Added Member To Class: ClassName=CargadorDeBaterias Member=Component SW6
Added Member To Class: ClassName=CargadorDeBaterias Member=Component SW7
Added Member To Class: ClassName=CargadorDeBaterias Member=Component SW8
